{"name": "test_title1", "status": "failed", "statusDetails": {"message": "AssertionError: assert 'Selenium Practice - Student Registration Form' == 'vishal'\n  \n  - vishal\n  + Selenium Practice - Student Registration Form", "trace": "setup_teardown = None\n\n    @pytest.mark.regression\n    def test_title1(setup_teardown):\n        logging.info(\"Opening website\")\n        driver.get(\"https://www.tutorialspoint.com/selenium/practice/selenium_automation_practice.php\")\n        driver.maximize_window()\n        a = driver.find_element(By.XPATH, '//input[@name=\"picture\"]')\n        t = driver.title\n>       assert t == 'vishal'\nE       AssertionError: assert 'Selenium Practice - Student Registration Form' == 'vishal'\nE         \nE         - vishal\nE         + Selenium Practice - Student Registration Form\n\nLoginPage.py:64: AssertionError"}, "attachments": [{"name": "log", "source": "62722a9f-541c-48c9-b9fc-a23b168a994e-attachment.txt", "type": "text/plain"}], "start": 1737257873824, "stop": 1737257877910, "uuid": "20ed8a47-914e-4925-bde2-09708cc65fe2", "historyId": "f84c01d2fba7c43b121533d3e3b88ed3", "testCaseId": "f84c01d2fba7c43b121533d3e3b88ed3", "fullName": "Pages.LoginPage#test_title1", "labels": [{"name": "tag", "value": "regression"}, {"name": "parentSuite", "value": "Pages"}, {"name": "suite", "value": "LoginPage"}, {"name": "host", "value": "DESKTOP-9GMDFCC"}, {"name": "thread", "value": "10976-MainThread"}, {"name": "framework", "value": "pytest"}, {"name": "language", "value": "cpython3"}, {"name": "package", "value": "Pages.LoginPage"}]}