{"name": "test_title2", "status": "failed", "statusDetails": {"message": "AssertionError: assert 'Selenium Pra...stration Form' == 'vishal'\n  \n  - vishal\n  + Selenium Practice - Student Registration Form", "trace": "setup_teardown = None, test_on_failure = None\n\n    @pytest.mark.smoke\n    def test_title2(setup_teardown, test_on_failure):\n        logging.info(\"Opening website\")\n        driver.get(\"https://www.tutorialspoint.com/selenium/practice/selenium_automation_practice.php\")\n        driver.maximize_window()\n        a = driver.find_element(By.XPATH, '//input[@name=\"picture\"]')\n        t=driver.title\n>       assert t == 'vishal'\nE       AssertionError: assert 'Selenium Pra...stration Form' == 'vishal'\nE         \nE         - vishal\nE         + Selenium Practice - Student Registration Form\n\nPages\\LoginPage.py:67: AssertionError"}, "attachments": [{"name": "log", "source": "8fffb707-a234-4858-a284-1e874fa99a69-attachment.txt", "type": "text/plain"}, {"name": "stdout", "source": "47032adc-00fb-462b-bee4-a16cf61bf177-attachment.txt", "type": "text/plain"}], "start": 1737200855649, "stop": 1737200861663, "uuid": "9059bb4b-1735-47b1-9c51-90d3c86396d9", "historyId": "64039f2b79ab404cdfc78f99dd7a1cc5", "testCaseId": "64039f2b79ab404cdfc78f99dd7a1cc5", "fullName": "Pages.LoginPage#test_title2", "labels": [{"name": "tag", "value": "smoke"}, {"name": "parentSuite", "value": "Pages"}, {"name": "suite", "value": "LoginPage"}, {"name": "host", "value": "DESKTOP-9GMDFCC"}, {"name": "thread", "value": "12920-MainThread"}, {"name": "framework", "value": "pytest"}, {"name": "language", "value": "cpython3"}, {"name": "package", "value": "Pages.LoginPage"}]}