{"name": "test_title1", "status": "failed", "statusDetails": {"message": "AssertionError: assert 'Selenium Pra...stration Form' == 'vishal'\n  \n  - vishal\n  + Selenium Practice - Student Registration Form", "trace": "setup_teardown = None, test_on_failure = None\n\n    @pytest.mark.smoke\n    def test_title1(setup_teardown, test_on_failure):\n        logging.info(\"Opening website\")\n        driver.get(\"https://www.tutorialspoint.com/selenium/practice/selenium_automation_practice.php\")\n        driver.maximize_window()\n        a = driver.find_element(By.XPATH, '//input[@name=\"picture\"]')\n        t=driver.title\n>       assert t == 'vishal'\nE       AssertionError: assert 'Selenium Pra...stration Form' == 'vishal'\nE         \nE         - vishal\nE         + Selenium Practice - Student Registration Form\n\nPages\\LoginPage.py:59: AssertionError"}, "attachments": [{"name": "log", "source": "1ef42642-5f9b-4504-8d8c-2291660325f8-attachment.txt", "type": "text/plain"}, {"name": "stdout", "source": "aa4e4dba-b5cd-4431-b4e1-3170530a4a72-attachment.txt", "type": "text/plain"}], "start": 1737205030283, "stop": 1737205034164, "uuid": "8dbfd221-d54f-4907-bb7f-6f9bd62ca4bb", "historyId": "f84c01d2fba7c43b121533d3e3b88ed3", "testCaseId": "f84c01d2fba7c43b121533d3e3b88ed3", "fullName": "Pages.LoginPage#test_title1", "labels": [{"name": "tag", "value": "smoke"}, {"name": "parentSuite", "value": "Pages"}, {"name": "suite", "value": "LoginPage"}, {"name": "host", "value": "DESKTOP-9GMDFCC"}, {"name": "thread", "value": "13832-MainThread"}, {"name": "framework", "value": "pytest"}, {"name": "language", "value": "cpython3"}, {"name": "package", "value": "Pages.LoginPage"}]}