{"name": "test_title1", "status": "failed", "statusDetails": {"message": "AssertionError: assert 'Selenium Pra...stration Form' == 'vishal'\n  \n  - vishal\n  + Selenium Practice - Student Registration Form", "trace": "setup_teardown = None, test_on_failure = None\n\n    @pytest.mark.smoke\n    def test_title1(setup_teardown, test_on_failure):\n        logging.info(\"Opening website\")\n        driver.get(\"https://www.tutorialspoint.com/selenium/practice/selenium_automation_practice.php\")\n        driver.maximize_window()\n        a = driver.find_element(By.XPATH, '//input[@name=\"picture\"]')\n        t=driver.title\n>       assert t == 'vishal'\nE       AssertionError: assert 'Selenium Pra...stration Form' == 'vishal'\nE         \nE         - vishal\nE         + Selenium Practice - Student Registration Form\n\nPages\\LoginPage.py:58: AssertionError"}, "attachments": [{"name": "log", "source": "a0903bfb-2a05-4e69-9fee-8cdfae034f92-attachment.txt", "type": "text/plain"}, {"name": "stdout", "source": "da22bb8b-409f-4af5-a17c-146efb98a1d4-attachment.txt", "type": "text/plain"}], "start": 1737200855908, "stop": 1737200862112, "uuid": "5b21b204-aeba-4226-80d1-ff2d740d12e7", "historyId": "f84c01d2fba7c43b121533d3e3b88ed3", "testCaseId": "f84c01d2fba7c43b121533d3e3b88ed3", "fullName": "Pages.LoginPage#test_title1", "labels": [{"name": "tag", "value": "smoke"}, {"name": "parentSuite", "value": "Pages"}, {"name": "suite", "value": "LoginPage"}, {"name": "host", "value": "DESKTOP-9GMDFCC"}, {"name": "thread", "value": "15556-MainThread"}, {"name": "framework", "value": "pytest"}, {"name": "language", "value": "cpython3"}, {"name": "package", "value": "Pages.LoginPage"}]}