{"name": "test_title1", "status": "failed", "statusDetails": {"message": "AssertionError: assert 'Selenium Pra...stration Form' == 'vishal'\n  \n  - vishal\n  + Selenium Practice - Student Registration Form", "trace": "self = <Pages.LoginPage.Testcheckdemo object at 0x0000016336E84B90>\n\n    @pytest.mark.smoke\n    @pytest.mark.usefixtures(\"log_on_failure\", \"setup_teardown\")\n    def test_title1(self):\n        logging.info(\"Opening website\")\n        self.driver.get(\"https://www.tutorialspoint.com/selenium/practice/selenium_automation_practice.php\")\n        self.driver.maximize_window()\n        a = self.driver.find_element(By.XPATH, '//input[@name=\"picture\"]')\n        t = self.driver.title\n>       assert t == 'vishal'\nE       AssertionError: assert 'Selenium Pra...stration Form' == 'vishal'\nE         \nE         - vishal\nE         + Selenium Practice - Student Registration Form\n\nPages\\LoginPage.py:73: AssertionError"}, "attachments": [{"name": "log", "source": "47054665-30ff-4bd3-b0f8-51db2b202d0f-attachment.txt", "type": "text/plain"}], "start": 1737288339203, "stop": 1737288340729, "uuid": "0672f595-092d-4ce6-8cd5-6fa12c4bca22", "historyId": "52d5602548b1f167f090c984db0ef434", "testCaseId": "52d5602548b1f167f090c984db0ef434", "fullName": "Pages.LoginPage.Testcheckdemo#test_title1", "labels": [{"name": "tag", "value": "@pytest.mark.usefixtures('log_on_failure', 'setup_teardown')"}, {"name": "tag", "value": "smoke"}, {"name": "parentSuite", "value": "Pages"}, {"name": "suite", "value": "LoginPage"}, {"name": "subSuite", "value": "Testcheckdemo"}, {"name": "host", "value": "DESKTOP-9GMDFCC"}, {"name": "thread", "value": "4696-MainThread"}, {"name": "framework", "value": "pytest"}, {"name": "language", "value": "cpython3"}, {"name": "package", "value": "Pages.LoginPage"}]}