{"name": "test_title1", "status": "failed", "statusDetails": {"message": "AssertionError: assert 'Selenium Pra...stration Form' == 'vishal'\n  \n  - vishal\n  + Selenium Practice - Student Registration Form", "trace": "self = <Pages.LoginPage.Testcheckdemo object at 0x000002310EF16840>\n\n    @pytest.mark.smoke\n    @pytest.mark.usefixtures(\"log_on_failure\", \"setup_teardown\")\n    def test_title1(self):\n        logging.info(\"Opening website\")\n        self.driver.get(\"https://www.tutorialspoint.com/selenium/practice/selenium_automation_practice.php\")\n        self.driver.maximize_window()\n        a = self.driver.find_element(By.XPATH, '//input[@name=\"picture\"]')\n        t = self.driver.title\n>       assert t == 'vishal'\nE       AssertionError: assert 'Selenium Pra...stration Form' == 'vishal'\nE         \nE         - vishal\nE         + Selenium Practice - Student Registration Form\n\nPages\\LoginPage.py:74: AssertionError"}, "attachments": [{"name": "log", "source": "46a78fa7-0016-4bfb-8a6d-391c3f60556e-attachment.txt", "type": "text/plain"}], "start": 1737288521132, "stop": 1737288522471, "uuid": "ada2c8d1-7770-4a08-902a-519d826215a1", "historyId": "52d5602548b1f167f090c984db0ef434", "testCaseId": "52d5602548b1f167f090c984db0ef434", "fullName": "Pages.LoginPage.Testcheckdemo#test_title1", "labels": [{"name": "tag", "value": "@pytest.mark.usefixtures('log_on_failure', 'setup_teardown')"}, {"name": "tag", "value": "smoke"}, {"name": "parentSuite", "value": "Pages"}, {"name": "suite", "value": "LoginPage"}, {"name": "subSuite", "value": "Testcheckdemo"}, {"name": "host", "value": "DESKTOP-9GMDFCC"}, {"name": "thread", "value": "13244-MainThread"}, {"name": "framework", "value": "pytest"}, {"name": "language", "value": "cpython3"}, {"name": "package", "value": "Pages.LoginPage"}]}