{"name": "test_title1", "status": "failed", "statusDetails": {"message": "AssertionError: assert 'Selenium Pra...stration Form' == 'vishal'\n  \n  - vishal\n  + Selenium Practice - Student Registration Form", "trace": "setup_teardown = None, test_on_failure = None\n\n    @pytest.mark.smoke\n    def test_title1(setup_teardown, test_on_failure):\n        logging.info(\"Opening website\")\n        driver.get(\"https://www.tutorialspoint.com/selenium/practice/selenium_automation_practice.php\")\n        driver.maximize_window()\n        a = driver.find_element(By.XPATH, '//input[@name=\"picture\"]')\n        t=driver.title\n>       assert t == 'vishal'\nE       AssertionError: assert 'Selenium Pra...stration Form' == 'vishal'\nE         \nE         - vishal\nE         + Selenium Practice - Student Registration Form\n\nPages\\LoginPage.py:59: AssertionError"}, "attachments": [{"name": "log", "source": "d8fa2a5e-2b5d-43f8-8ed5-3b3816d2a3de-attachment.txt", "type": "text/plain"}, {"name": "stdout", "source": "39a8ba3e-0eed-47a4-b53c-91452b953c2c-attachment.txt", "type": "text/plain"}], "start": 1737205201817, "stop": 1737205205838, "uuid": "878d7e4b-310f-4239-895f-4208f4a98887", "historyId": "f84c01d2fba7c43b121533d3e3b88ed3", "testCaseId": "f84c01d2fba7c43b121533d3e3b88ed3", "fullName": "Pages.LoginPage#test_title1", "labels": [{"name": "tag", "value": "smoke"}, {"name": "parentSuite", "value": "Pages"}, {"name": "suite", "value": "LoginPage"}, {"name": "host", "value": "DESKTOP-9GMDFCC"}, {"name": "thread", "value": "16988-MainThread"}, {"name": "framework", "value": "pytest"}, {"name": "language", "value": "cpython3"}, {"name": "package", "value": "Pages.LoginPage"}]}